[2024-07-18 12:47:48][INFO] Loading resources...
[2024-07-18 12:47:48][FINE] Loading resources from: bluemap/resourceExtensions.zip ...
[2024-07-18 12:47:48][FINE] Loading resources from: bluemap/minecraft-client-1.20.6.jar ...
[2024-07-18 12:47:49][INFO] Loading textures...
[2024-07-18 12:47:49][FINE] Loading textures from: bluemap/resourceExtensions.zip ...
[2024-07-18 12:47:49][FINE] Loading textures from: bluemap/minecraft-client-1.20.6.jar ...
[2024-07-18 12:47:50][INFO] Baking resources...
[2024-07-18 12:47:50][INFO] Resources loaded.
[2024-07-18 12:47:50][FINE] Loading world world#minecraft:overworld ...
[2024-07-18 12:47:50][FINE] Loading datapack...
[2024-07-18 12:47:50][FINE] Loading datapack from: world/datapacks/bukkit ...
[2024-07-18 12:47:50][FINE] Loading datapack from: bluemap/resourceExtensions.zip ...
[2024-07-18 12:47:50][FINE] Loading datapack from: bluemap/minecraft-client-1.20.6.jar ...
[2024-07-18 12:47:50][FINE] Baking datapack...
[2024-07-18 12:47:50][FINE] Datapack loaded.
[2024-07-18 12:47:51][INFO] Initializing Storage: 'file' (Type: 'bluemap:file')
[2024-07-18 12:47:51][INFO] Loading map 'world'...
[2024-07-18 12:47:51][FINE] Loading render-state for map 'world'
[2024-07-18 12:47:51][FINE] Loading textures for map 'world'
[2024-07-18 12:47:51][FINE] Loading world world_the_end#minecraft:the_end ...
[2024-07-18 12:47:51][FINE] Loading datapack...
[2024-07-18 12:47:51][FINE] Loading datapack from: bluemap/resourceExtensions.zip ...
[2024-07-18 12:47:51][FINE] Loading datapack from: bluemap/minecraft-client-1.20.6.jar ...
[2024-07-18 12:47:51][FINE] Baking datapack...
[2024-07-18 12:47:51][FINE] Datapack loaded.
[2024-07-18 12:47:51][INFO] Loading map 'world_the_end'...
[2024-07-18 12:47:51][FINE] Loading render-state for map 'world_the_end'
[2024-07-18 12:47:51][FINE] Loading textures for map 'world_the_end'
[2024-07-18 12:47:51][FINE] Loading world world_nether#minecraft:the_nether ...
[2024-07-18 12:47:51][FINE] Loading datapack...
[2024-07-18 12:47:51][FINE] Loading datapack from: bluemap/resourceExtensions.zip ...
[2024-07-18 12:47:51][FINE] Loading datapack from: bluemap/minecraft-client-1.20.6.jar ...
[2024-07-18 12:47:51][FINE] Baking datapack...
[2024-07-18 12:47:51][FINE] Datapack loaded.
[2024-07-18 12:47:51][INFO] Loading map 'world_nether'...
[2024-07-18 12:47:51][FINE] Loading render-state for map 'world_nether'
[2024-07-18 12:47:51][FINE] Loading textures for map 'world_nether'
[2024-07-18 12:47:51][INFO] WebServer bound to all network interfaces on port 8100
[2024-07-18 12:47:51][INFO] WebServer started.
[2024-07-18 12:47:51][FINE] Started watching map 'world_the_end' for updates...
[2024-07-18 12:47:51][FINE] Started watching map 'world' for updates...
[2024-07-18 12:47:51][FINE] Started watching map 'world_nether' for updates...
[2024-07-18 12:47:51][INFO] Loaded!
[2024-07-18 12:53:42][FINE] Failed to load skin from mojang for player: '2f3888be-ea74-3e89-b2d5-5acfc2773179' - java.io.IOException: java.lang.IllegalStateException: Not a JSON Object: null
[2024-07-18 12:53:42][FINE] No player-skin provided for UUID: 2f3888be-ea74-3e89-b2d5-5acfc2773179
[2024-07-18 12:55:16][FINE] Scheduled update for region-file: (0, 0) (Map: world)
[2024-07-18 12:55:16][FINE] Scheduled update for region-file: (-1, 0) (Map: world)
[2024-07-18 12:55:25][FINE] Scheduled update for region-file: (0, 0) (Map: world)
[2024-07-18 12:55:25][FINE] Scheduled update for region-file: (-1, 0) (Map: world)
[2024-07-18 12:56:16][FINE] Scheduled update for region-file: (0, -1) (Map: world)
[2024-07-18 12:56:16][FINE] Scheduled update for region-file: (-1, -1) (Map: world)
[2024-07-18 12:56:43][FINE] Scheduled update for region-file: (0, -1) (Map: world)
[2024-07-18 12:56:43][FINE] Scheduled update for region-file: (-1, -1) (Map: world)
[2024-07-18 12:57:17][FINE] Scheduled update for region-file: (-1, -1) (Map: world)
[2024-07-18 12:57:19][FINE] Scheduled update for region-file: (0, 0) (Map: world)
[2024-07-18 12:57:19][FINE] Scheduled update for region-file: (-1, 0) (Map: world)
[2024-07-18 12:58:00][FINE] Scheduled update for region-file: (0, 0) (Map: world)
[2024-07-18 12:58:03][FINE] Scheduled update for region-file: (-1, -1) (Map: world)
[2024-07-18 12:58:03][FINE] Scheduled update for region-file: (-1, 0) (Map: world)
[2024-07-18 12:58:18][FINE] Scheduled update for region-file: (0, 0) (Map: world)
[2024-07-18 12:58:18][FINE] Scheduled update for region-file: (0, -1) (Map: world)
[2024-07-18 12:58:52][FINE] Scheduled update for region-file: (-1, -1) (Map: world)
[2024-07-18 12:58:52][FINE] Scheduled update for region-file: (0, -1) (Map: world)
[2024-07-18 12:58:52][FINE] Scheduled update for region-file: (0, 0) (Map: world)
[2024-07-18 12:58:55][FINE] Scheduled update for region-file: (-1, 0) (Map: world)
[2024-07-18 12:59:03][FINE] Scheduled update for region-file: (-1, 1) (Map: world)
[2024-07-18 12:59:04][FINE] Scheduled update for region-file: (0, 1) (Map: world)
[2024-07-18 12:59:07][FINE] Scheduled update for region-file: (1, 0) (Map: world)
[2024-07-18 12:59:12][FINE] Scheduled update for region-file: (-1, 0) (Map: world)
[2024-07-18 12:59:17][FINE] Scheduled update for region-file: (0, 0) (Map: world)
[2024-07-18 12:59:22][FINE] Scheduled update for region-file: (0, 1) (Map: world)
[2024-07-18 12:59:22][FINE] Scheduled update for region-file: (1, 1) (Map: world)
[2024-07-18 12:59:29][FINE] Scheduled update for region-file: (1, -1) (Map: world)
[2024-07-18 12:59:32][FINE] Scheduled update for region-file: (0, 0) (Map: world)
[2024-07-18 12:59:33][FINE] Scheduled update for region-file: (1, 0) (Map: world)
[2024-07-18 12:59:45][FINE] Scheduled update for region-file: (1, 0) (Map: world)
[2024-07-18 12:59:47][FINE] Scheduled update for region-file: (0, 0) (Map: world)
[2024-07-18 12:59:48][FINE] Scheduled update for region-file: (1, -1) (Map: world)
[2024-07-18 12:59:48][FINE] Scheduled update for region-file: (0, -1) (Map: world)
[2024-07-18 12:59:56][FINE] Scheduled update for region-file: (0, -1) (Map: world)
[2024-07-18 12:59:56][FINE] Scheduled update for region-file: (1, -1) (Map: world)
[2024-07-18 13:00:01][FINE] Scheduled update for region-file: (0, 0) (Map: world)
[2024-07-18 13:00:01][FINE] Scheduled update for region-file: (1, 0) (Map: world)
[2024-07-18 13:00:06][FINE] Scheduled update for region-file: (0, 0) (Map: world)
[2024-07-18 13:00:09][FINE] Scheduled update for region-file: (1, 1) (Map: world)
[2024-07-18 13:00:09][FINE] Scheduled update for region-file: (0, 1) (Map: world)
[2024-07-18 13:00:12][FINE] Scheduled update for region-file: (0, 0) (Map: world)
[2024-07-18 13:00:20][FINE] Scheduled update for region-file: (2, 0) (Map: world)
[2024-07-18 13:00:21][FINE] Scheduled update for region-file: (-1, -1) (Map: world)
[2024-07-18 13:00:21][FINE] Scheduled update for region-file: (0, -1) (Map: world)
[2024-07-18 13:00:26][FINE] Scheduled update for region-file: (0, -1) (Map: world)
[2024-07-18 13:00:26][FINE] Scheduled update for region-file: (-1, -1) (Map: world)
[2024-07-18 13:00:32][FINE] Scheduled update for region-file: (1, 1) (Map: world)
[2024-07-18 13:00:32][FINE] Scheduled update for region-file: (2, 1) (Map: world)
[2024-07-18 13:00:38][FINE] Scheduled update for region-file: (2, -1) (Map: world)
[2024-07-18 13:00:41][FINE] Scheduled update for region-file: (2, 0) (Map: world)
[2024-07-18 13:00:51][FINE] Scheduled update for region-file: (1, -1) (Map: world)
[2024-07-18 13:00:51][FINE] Scheduled update for region-file: (2, -1) (Map: world)
[2024-07-18 13:00:51][FINE] Scheduled update for region-file: (1, 0) (Map: world)
[2024-07-18 13:00:51][FINE] Scheduled update for region-file: (2, 0) (Map: world)
[2024-07-18 13:00:58][FINE] Scheduled update for region-file: (0, -1) (Map: world)
[2024-07-18 13:01:04][FINE] Scheduled update for region-file: (0, -2) (Map: world)
[2024-07-18 13:01:14][FINE] Scheduled update for region-file: (0, 0) (Map: world)
[2024-07-18 13:01:14][FINE] Scheduled update for region-file: (0, -2) (Map: world)
[2024-07-18 13:01:14][FINE] Scheduled update for region-file: (1, -2) (Map: world)
[2024-07-18 13:01:20][FINE] Scheduled update for region-file: (1, -1) (Map: world)
[2024-07-18 13:01:21][FINE] Scheduled update for region-file: (0, 0) (Map: world)
[2024-07-18 13:01:21][FINE] Scheduled update for region-file: (-1, 0) (Map: world)
[2024-07-18 13:01:28][FINE] Scheduled update for region-file: (0, -1) (Map: world)
[2024-07-18 13:01:29][FINE] Scheduled update for region-file: (1, -1) (Map: world)
[2024-07-18 13:01:36][FINE] Scheduled update for region-file: (2, -1) (Map: world)
[2024-07-18 13:01:41][FINE] Scheduled update for region-file: (1, -1) (Map: world)
[2024-07-18 13:01:45][FINE] Scheduled update for region-file: (0, 0) (Map: world)
[2024-07-18 13:01:45][FINE] Scheduled update for region-file: (-1, 0) (Map: world)
[2024-07-18 13:01:46][FINE] Scheduled update for region-file: (2, 0) (Map: world)
[2024-07-18 13:01:51][FINE] Scheduled update for region-file: (0, -1) (Map: world)
[2024-07-18 13:01:51][FINE] Scheduled update for region-file: (0, 0) (Map: world)
[2024-07-18 13:01:56][FINE] Scheduled update for region-file: (2, -2) (Map: world)
[2024-07-18 13:02:01][FINE] Scheduled update for region-file: (2, -1) (Map: world)
[2024-07-18 13:02:02][FINE] Scheduled update for region-file: (0, 0) (Map: world)
[2024-07-18 13:02:02][FINE] Scheduled update for region-file: (-1, 0) (Map: world)
[2024-07-18 13:02:18][FINE] Scheduled update for region-file: (1, -2) (Map: world)
[2024-07-18 13:02:18][FINE] Scheduled update for region-file: (2, -2) (Map: world)
[2024-07-18 13:02:18][FINE] Scheduled update for region-file: (0, 0) (Map: world)
[2024-07-18 13:02:19][FINE] Scheduled update for region-file: (1, -1) (Map: world)
[2024-07-18 13:02:19][FINE] Scheduled update for region-file: (2, -1) (Map: world)
[2024-07-18 13:02:22][FINE] Scheduled update for region-file: (0, -1) (Map: world)
[2024-07-18 13:02:27][FINE] Scheduled update for region-file: (-1, -1) (Map: world)
[2024-07-18 13:02:35][FINE] Scheduled update for region-file: (-1, -2) (Map: world)
[2024-07-18 13:02:43][FINE] Scheduled update for region-file: (-1, -2) (Map: world)
[2024-07-18 13:02:43][FINE] Scheduled update for region-file: (0, -2) (Map: world)
[2024-07-18 13:02:45][FINE] Scheduled update for region-file: (0, -1) (Map: world)
[2024-07-18 13:02:50][FINE] Scheduled update for region-file: (-1, -1) (Map: world)
[2024-07-18 13:02:59][FINE] Scheduled update for region-file: (0, 0) (Map: world)
[2024-07-18 13:03:00][FINE] Scheduled update for region-file: (-1, 0) (Map: world)
[2024-07-18 13:03:09][FINE] Scheduled update for region-file: (0, 0) (Map: world)
[2024-07-18 13:03:09][FINE] Scheduled update for region-file: (1, -2) (Map: world)
[2024-07-18 13:03:10][FINE] Scheduled update for region-file: (-1, 0) (Map: world)
[2024-07-18 13:03:10][FINE] Scheduled update for region-file: (-1, -1) (Map: world)
[2024-07-18 13:03:17][FINE] Scheduled update for region-file: (0, -2) (Map: world)
[2024-07-18 13:03:17][FINE] Scheduled update for region-file: (1, -2) (Map: world)
[2024-07-18 13:03:17][FINE] Scheduled update for region-file: (0, -1) (Map: world)
[2024-07-18 13:03:27][FINE] Scheduled update for region-file: (-1, -1) (Map: world)
[2024-07-18 13:03:31][FINE] Scheduled update for region-file: (-2, -1) (Map: world)
[2024-07-18 13:03:39][FINE] Scheduled update for region-file: (-2, -2) (Map: world)
[2024-07-18 13:03:45][FINE] Scheduled update for region-file: (-2, -2) (Map: world)
[2024-07-18 13:03:45][FINE] Scheduled update for region-file: (-1, -2) (Map: world)
[2024-07-18 13:03:49][FINE] Scheduled update for region-file: (-1, 0) (Map: world)
[2024-07-18 13:03:52][FINE] Scheduled update for region-file: (0, -1) (Map: world)
[2024-07-18 13:03:52][FINE] Scheduled update for region-file: (-1, -1) (Map: world)
[2024-07-18 13:03:58][FINE] Scheduled update for region-file: (-1, 0) (Map: world)
[2024-07-18 13:03:58][FINE] Scheduled update for region-file: (-2, 0) (Map: world)
[2024-07-18 13:04:02][FINE] Scheduled update for region-file: (-2, -1) (Map: world)
[2024-07-18 13:04:04][FINE] Scheduled update for region-file: (-1, -1) (Map: world)
[2024-07-18 13:04:10][FINE] Scheduled update for region-file: (0, -2) (Map: world)
[2024-07-18 13:04:10][FINE] Scheduled update for region-file: (-1, 0) (Map: world)
[2024-07-18 13:04:13][FINE] Scheduled update for region-file: (0, 0) (Map: world)
[2024-07-18 13:04:20][FINE] Scheduled update for region-file: (-1, -2) (Map: world)
[2024-07-18 13:04:20][FINE] Scheduled update for region-file: (0, -2) (Map: world)
[2024-07-18 13:04:20][FINE] Scheduled update for region-file: (-1, -1) (Map: world)
[2024-07-18 13:04:27][FINE] Scheduled update for region-file: (0, -1) (Map: world)
[2024-07-18 13:04:29][FINE] Scheduled update for region-file: (-2, 0) (Map: world)
[2024-07-18 13:04:31][FINE] Scheduled update for region-file: (-1, -1) (Map: world)
[2024-07-18 13:04:35][FINE] Scheduled update for region-file: (-2, -1) (Map: world)
[2024-07-18 13:04:37][FINE] Scheduled update for region-file: (0, 0) (Map: world)
[2024-07-18 13:04:41][FINE] Scheduled update for region-file: (-1, -1) (Map: world)
[2024-07-18 13:04:41][FINE] Scheduled update for region-file: (0, -1) (Map: world)
[2024-07-18 13:04:46][FINE] Scheduled update for region-file: (-2, -1) (Map: world)
[2024-07-18 13:04:56][FINE] Scheduled update for region-file: (-1, 0) (Map: world)
[2024-07-18 13:05:04][FINE] Scheduled update for region-file: (-2, 1) (Map: world)
[2024-07-18 13:05:04][FINE] Scheduled update for region-file: (-1, 1) (Map: world)
[2024-07-18 13:05:05][FINE] Scheduled update for region-file: (0, -1) (Map: world)
[2024-07-18 13:05:06][FINE] Scheduled update for region-file: (-1, -1) (Map: world)
[2024-07-18 13:05:06][FINE] Scheduled update for region-file: (-2, 0) (Map: world)
[2024-07-18 13:05:16][FINE] Scheduled update for region-file: (0, 1) (Map: world)
[2024-07-18 13:05:16][FINE] Scheduled update for region-file: (-1, 1) (Map: world)
[2024-07-18 13:05:19][FINE] Scheduled update for region-file: (-1, 0) (Map: world)
[2024-07-18 13:05:25][FINE] Scheduled update for region-file: (-2, 0) (Map: world)
[2024-07-18 13:05:25][FINE] Scheduled update for region-file: (-2, 1) (Map: world)
[2024-07-18 13:05:36][FINE] Scheduled update for region-file: (-1, 0) (Map: world)
[2024-07-18 13:05:36][FINE] Scheduled update for region-file: (-2, 0) (Map: world)
[2024-07-18 13:05:48][FINE] Scheduled update for region-file: (-2, 0) (Map: world)
[2024-07-18 13:05:56][FINE] Scheduled update for region-file: (-1, 1) (Map: world)
[2024-07-18 13:06:08][FINE] Scheduled update for region-file: (-1, 2) (Map: world)
[2024-07-18 13:06:08][FINE] Scheduled update for region-file: (-2, 2) (Map: world)
[2024-07-18 13:06:10][FINE] Scheduled update for region-file: (-2, 1) (Map: world)
[2024-07-18 13:06:12][FINE] Scheduled update for region-file: (-1, 0) (Map: world)
[2024-07-18 13:06:14][FINE] Scheduled update for region-file: (0, 1) (Map: world)
[2024-07-18 13:06:19][FINE] Scheduled update for region-file: (-1, 2) (Map: world)
[2024-07-18 13:06:19][FINE] Scheduled update for region-file: (-1, 1) (Map: world)
[2024-07-18 13:06:21][FINE] Scheduled update for region-file: (0, 0) (Map: world)
[2024-07-18 13:06:25][FINE] Scheduled update for region-file: (0, 2) (Map: world)
[2024-07-18 13:06:31][FINE] Scheduled update for region-file: (-1, 0) (Map: world)
[2024-07-18 13:06:33][FINE] Scheduled update for region-file: (-1, 2) (Map: world)
[2024-07-18 13:06:33][FINE] Scheduled update for region-file: (0, 2) (Map: world)
[2024-07-18 13:06:45][FINE] Scheduled update for region-file: (0, 1) (Map: world)
[2024-07-18 13:06:51][FINE] Scheduled update for region-file: (0, 0) (Map: world)
[2024-07-18 13:06:57][FINE] Scheduled update for region-file: (-1, 1) (Map: world)
[2024-07-18 13:07:04][FINE] Scheduled update for region-file: (-1, 0) (Map: world)
[2024-07-18 13:07:05][FINE] Scheduled update for region-file: (0, -1) (Map: world)
[2024-07-18 13:07:17][FINE] Scheduled update for region-file: (-1, 1) (Map: world)
[2024-07-18 13:07:17][FINE] Scheduled update for region-file: (0, 1) (Map: world)
[2024-07-18 13:07:18][FINE] Scheduled update for region-file: (0, 0) (Map: world)
[2024-07-18 13:07:19][FINE] Scheduled update for region-file: (0, -1) (Map: world)
[2024-07-18 13:07:27][FINE] Scheduled update for region-file: (0, -1) (Map: world)
[2024-07-18 13:07:27][FINE] Scheduled update for region-file: (0, 0) (Map: world)
[2024-07-18 13:07:27][FINE] Scheduled update for region-file: (-1, -1) (Map: world)
[2024-07-18 13:07:28][FINE] Scheduled update for region-file: (-1, 0) (Map: world)
[2024-07-18 13:07:29][FINE] Scheduled update for region-file: (-1, 2) (Map: world)
[2024-07-18 13:07:29][FINE] Scheduled update for region-file: (0, 2) (Map: world)
[2024-07-18 13:07:30][FINE] Scheduled update for region-file: (-1, 1) (Map: world)
[2024-07-18 13:07:38][FINE] Scheduled update for region-file: (1, 1) (Map: world)
[2024-07-18 13:07:44][FINE] Scheduled update for region-file: (0, 0) (Map: world)
[2024-07-18 13:07:46][FINE] Scheduled update for region-file: (0, -1) (Map: world)
[2024-07-18 13:07:46][FINE] Scheduled update for region-file: (0, 1) (Map: world)
[2024-07-18 13:07:53][FINE] Scheduled update for region-file: (0, 2) (Map: world)
[2024-07-18 13:07:53][FINE] Scheduled update for region-file: (1, 2) (Map: world)
[2024-07-18 13:07:56][FINE] Scheduled update for region-file: (0, -1) (Map: world)
[2024-07-18 13:08:00][FINE] Scheduled update for region-file: (0, 0) (Map: world)
[2024-07-18 13:08:00][FINE] Scheduled update for region-file: (-1, 0) (Map: world)
[2024-07-18 13:08:05][FINE] Scheduled update for region-file: (1, 1) (Map: world)
[2024-07-18 13:08:09][FINE] Scheduled update for region-file: (0, -1) (Map: world)
[2024-07-18 13:08:09][FINE] Scheduled update for region-file: (-1, -1) (Map: world)
[2024-07-18 13:08:13][FINE] Scheduled update for region-file: (0, 1) (Map: world)
[2024-07-18 13:08:32][FINE] Scheduled update for region-file: (1, 1) (Map: world)
[2024-07-18 13:08:39][FINE] Scheduled update for region-file: (0, 1) (Map: world)
[2024-07-18 13:08:43][FINE] Scheduled update for region-file: (0, 2) (Map: world)
[2024-07-18 13:08:43][FINE] Scheduled update for region-file: (1, 2) (Map: world)
[2024-07-18 13:08:45][FINE] Scheduled update for region-file: (0, 1) (Map: world)
[2024-07-18 13:08:47][FINE] Scheduled update for region-file: (-1, -1) (Map: world)
[2024-07-18 13:08:49][FINE] Scheduled update for region-file: (-1, 0) (Map: world)
[2024-07-18 13:08:52][FINE] Scheduled update for region-file: (0, 0) (Map: world)
[2024-07-18 13:08:52][FINE] Scheduled update for region-file: (0, -1) (Map: world)
[2024-07-18 13:08:52][FINE] Scheduled update for region-file: (2, 1) (Map: world)
[2024-07-18 13:09:02][FINE] Scheduled update for region-file: (1, 1) (Map: world)
[2024-07-18 13:09:03][FINE] Scheduled update for region-file: (0, 0) (Map: world)
[2024-07-18 13:09:07][FINE] Scheduled update for region-file: (1, 2) (Map: world)
[2024-07-18 13:09:07][FINE] Scheduled update for region-file: (2, 2) (Map: world)
[2024-07-18 13:09:10][FINE] Scheduled update for region-file: (0, 0) (Map: world)
[2024-07-18 13:09:15][FINE] Scheduled update for region-file: (2, 0) (Map: world)
[2024-07-18 13:09:17][FINE] Scheduled update for region-file: (2, 1) (Map: world)
[2024-07-18 13:09:27][FINE] Scheduled update for region-file: (0, 0) (Map: world)
[2024-07-18 13:09:32][FINE] Scheduled update for region-file: (1, 1) (Map: world)
[2024-07-18 13:09:43][FINE] Scheduled update for region-file: (2, 0) (Map: world)
[2024-07-18 13:09:44][FINE] Scheduled update for region-file: (0, 0) (Map: world)
[2024-07-18 13:09:50][FINE] Scheduled update for region-file: (0, 0) (Map: world)
[2024-07-18 13:09:50][FINE] Scheduled update for region-file: (1, 1) (Map: world)
[2024-07-18 13:09:50][FINE] Scheduled update for region-file: (2, 1) (Map: world)
[2024-07-18 13:09:53][FINE] Scheduled update for region-file: (-1, 0) (Map: world)
[2024-07-18 13:09:57][FINE] Scheduled update for region-file: (1, 1) (Map: world)
[2024-07-18 13:10:00][FINE] Scheduled update for region-file: (1, 2) (Map: world)
[2024-07-18 13:10:00][FINE] Scheduled update for region-file: (2, 2) (Map: world)
[2024-07-18 13:10:03][FINE] Scheduled update for region-file: (1, 1) (Map: world)
[2024-07-18 13:10:07][FINE] Scheduled update for region-file: (3, 1) (Map: world)
[2024-07-18 13:10:12][FINE] Scheduled update for region-file: (0, 0) (Map: world)
[2024-07-18 13:10:14][FINE] Scheduled update for region-file: (-1, 0) (Map: world)
[2024-07-18 13:10:23][FINE] Scheduled update for region-file: (2, 2) (Map: world)
[2024-07-18 13:10:23][FINE] Scheduled update for region-file: (3, 2) (Map: world)
[2024-07-18 13:10:31][FINE] Scheduled update for region-file: (3, 0) (Map: world)
[2024-07-18 13:10:35][FINE] Scheduled update for region-file: (3, 1) (Map: world)
[2024-07-18 13:10:40][FINE] Scheduled update for region-file: (2, 0) (Map: world)
[2024-07-18 13:10:47][FINE] Scheduled update for region-file: (2, 0) (Map: world)
[2024-07-18 13:10:47][FINE] Scheduled update for region-file: (3, 0) (Map: world)
[2024-07-18 13:10:47][FINE] Scheduled update for region-file: (2, 1) (Map: world)
[2024-07-18 13:10:47][FINE] Scheduled update for region-file: (3, 1) (Map: world)
[2024-07-18 13:11:00][FINE] Scheduled update for region-file: (0, 0) (Map: world)
[2024-07-18 13:11:05][FINE] Scheduled update for region-file: (2, -1) (Map: world)
[2024-07-18 13:11:09][FINE] Scheduled update for region-file: (2, 0) (Map: world)
[2024-07-18 13:11:09][FINE] Scheduled update for region-file: (0, 0) (Map: world)
[2024-07-18 13:11:21][FINE] Scheduled update for region-file: (0, 0) (Map: world)
[2024-07-18 13:11:24][FINE] Scheduled update for region-file: (3, 0) (Map: world)
[2024-07-18 13:11:31][FINE] Scheduled update for region-file: (2, 0) (Map: world)
[2024-07-18 13:11:36][FINE] Scheduled update for region-file: (3, 1) (Map: world)
[2024-07-18 13:11:44][FINE] Scheduled update for region-file: (3, -1) (Map: world)
[2024-07-18 13:11:49][FINE] Scheduled update for region-file: (2, 0) (Map: world)
[2024-07-18 13:11:49][FINE] Scheduled update for region-file: (3, 0) (Map: world)
[2024-07-18 13:12:01][FINE] Scheduled update for region-file: (2, 0) (Map: world)
[2024-07-18 13:12:01][FINE] Scheduled update for region-file: (3, 0) (Map: world)
[2024-07-18 13:12:01][FINE] Scheduled update for region-file: (3, -1) (Map: world)
[2024-07-18 13:12:05][FINE] Scheduled update for region-file: (2, -1) (Map: world)
[2024-07-18 13:12:18][FINE] Scheduled update for region-file: (0, 0) (Map: world)
[2024-07-18 13:12:19][FINE] Scheduled update for region-file: (1, -2) (Map: world)
[2024-07-18 13:12:19][FINE] Scheduled update for region-file: (2, -2) (Map: world)
[2024-07-18 13:12:24][FINE] Scheduled update for region-file: (2, -1) (Map: world)
[2024-07-18 13:12:39][FINE] Scheduled update for region-file: (3, -1) (Map: world)
[2024-07-18 13:12:45][FINE] Scheduled update for region-file: (2, -1) (Map: world)
[2024-07-18 13:12:51][FINE] Scheduled update for region-file: (3, 0) (Map: world)
[2024-07-18 13:12:58][FINE] Scheduled update for region-file: (3, -2) (Map: world)
[2024-07-18 13:12:59][FINE] Scheduled update for region-file: (0, 0) (Map: world)
[2024-07-18 13:13:02][FINE] Scheduled update for region-file: (3, -1) (Map: world)
[2024-07-18 13:13:12][FINE] Scheduled update for region-file: (2, -2) (Map: world)
[2024-07-18 13:13:12][FINE] Scheduled update for region-file: (2, -1) (Map: world)
[2024-07-18 13:13:22][FINE] Scheduled update for region-file: (2, -1) (Map: world)
[2024-07-18 13:13:22][FINE] Scheduled update for region-file: (3, -1) (Map: world)
[2024-07-18 13:13:22][FINE] Scheduled update for region-file: (2, -2) (Map: world)
[2024-07-18 13:13:22][FINE] Scheduled update for region-file: (3, -2) (Map: world)
[2024-07-18 13:13:27][FINE] Scheduled update for region-file: (2, -2) (Map: world)
[2024-07-18 13:13:30][FINE] Scheduled update for region-file: (1, -2) (Map: world)
[2024-07-18 13:13:37][FINE] Scheduled update for region-file: (1, -3) (Map: world)
[2024-07-18 13:13:47][FINE] Scheduled update for region-file: (1, -3) (Map: world)
[2024-07-18 13:13:47][FINE] Scheduled update for region-file: (2, -3) (Map: world)
[2024-07-18 13:13:53][FINE] Scheduled update for region-file: (2, -2) (Map: world)
[2024-07-18 13:13:58][FINE] Scheduled update for region-file: (1, -2) (Map: world)
[2024-07-18 13:14:05][FINE] Scheduled update for region-file: (1, -2) (Map: world)
[2024-07-18 13:14:09][FINE] Scheduled update for region-file: (3, -2) (Map: world)
[2024-07-18 13:14:15][FINE] Scheduled update for region-file: (2, -2) (Map: world)
[2024-07-18 13:14:21][FINE] Scheduled update for region-file: (3, -1) (Map: world)
[2024-07-18 13:14:29][FINE] Scheduled update for region-file: (3, -3) (Map: world)
[2024-07-18 13:14:34][FINE] Scheduled update for region-file: (3, -2) (Map: world)
[2024-07-18 13:14:47][FINE] Scheduled update for region-file: (2, -2) (Map: world)
[2024-07-18 13:14:47][FINE] Scheduled update for region-file: (3, -2) (Map: world)
[2024-07-18 13:14:47][FINE] Scheduled update for region-file: (2, -3) (Map: world)
[2024-07-18 13:14:47][FINE] Scheduled update for region-file: (3, -3) (Map: world)
[2024-07-18 13:14:55][FINE] Scheduled update for region-file: (0, -2) (Map: world)
[2024-07-18 13:15:01][FINE] Scheduled update for region-file: (0, -3) (Map: world)
[2024-07-18 13:15:11][FINE] Scheduled update for region-file: (0, -3) (Map: world)
[2024-07-18 13:15:11][FINE] Scheduled update for region-file: (1, -3) (Map: world)
[2024-07-18 13:15:17][FINE] Scheduled update for region-file: (1, -2) (Map: world)
[2024-07-18 13:15:28][FINE] Scheduled update for region-file: (0, -2) (Map: world)
[2024-07-18 13:15:47][FINE] Scheduled update for region-file: (2, -3) (Map: world)
[2024-07-18 13:16:05][FINE] Scheduled update for region-file: (1, -2) (Map: world)
[2024-07-18 13:16:05][FINE] Scheduled update for region-file: (1, -3) (Map: world)
[2024-07-18 13:16:05][FINE] Scheduled update for region-file: (2, -3) (Map: world)
[2024-07-18 13:16:10][FINE] Scheduled update for region-file: (0, -2) (Map: world)
[2024-07-18 13:16:13][FINE] Scheduled update for region-file: (-1, -2) (Map: world)
[2024-07-18 13:16:21][FINE] Scheduled update for region-file: (-1, -3) (Map: world)
[2024-07-18 13:16:30][FINE] Scheduled update for region-file: (0, -3) (Map: world)
[2024-07-18 13:16:35][FINE] Scheduled update for region-file: (0, -2) (Map: world)
[2024-07-18 13:16:38][FINE] Scheduled update for region-file: (-1, -2) (Map: world)
[2024-07-18 13:16:46][FINE] Scheduled update for region-file: (-1, -2) (Map: world)
[2024-07-18 13:17:04][FINE] Scheduled update for region-file: (1, -3) (Map: world)
[2024-07-18 13:17:21][FINE] Scheduled update for region-file: (0, -2) (Map: world)
[2024-07-18 13:17:21][FINE] Scheduled update for region-file: (0, -3) (Map: world)
[2024-07-18 13:17:21][FINE] Scheduled update for region-file: (1, -3) (Map: world)
[2024-07-18 13:17:27][FINE] Scheduled update for region-file: (-1, -2) (Map: world)
[2024-07-18 13:17:31][FINE] Scheduled update for region-file: (-2, -2) (Map: world)
[2024-07-18 13:17:38][FINE] Scheduled update for region-file: (-2, -3) (Map: world)
[2024-07-18 13:17:46][FINE] Scheduled update for region-file: (-1, -3) (Map: world)
[2024-07-18 13:17:52][FINE] Scheduled update for region-file: (-1, -2) (Map: world)
[2024-07-18 13:17:58][FINE] Scheduled update for region-file: (-2, -1) (Map: world)
[2024-07-18 13:18:01][FINE] Scheduled update for region-file: (-2, -2) (Map: world)
[2024-07-18 13:18:14][FINE] Scheduled update for region-file: (-1, -2) (Map: world)
[2024-07-18 13:18:19][FINE] Scheduled update for region-file: (0, -3) (Map: world)
[2024-07-18 13:18:33][FINE] Scheduled update for region-file: (-1, -3) (Map: world)
[2024-07-18 13:18:35][FINE] Scheduled update for region-file: (-1, -2) (Map: world)
[2024-07-18 13:18:35][FINE] Scheduled update for region-file: (0, -3) (Map: world)
[2024-07-18 13:18:43][FINE] Scheduled update for region-file: (-2, -2) (Map: world)
[2024-07-18 13:18:46][FINE] Scheduled update for region-file: (-3, -2) (Map: world)
[2024-07-18 13:18:54][FINE] Scheduled update for region-file: (-3, -3) (Map: world)
[2024-07-18 13:19:05][FINE] Scheduled update for region-file: (-3, -3) (Map: world)
[2024-07-18 13:19:05][FINE] Scheduled update for region-file: (-2, -3) (Map: world)
[2024-07-18 13:19:18][FINE] Scheduled update for region-file: (-2, -2) (Map: world)
[2024-07-18 13:19:26][FINE] Scheduled update for region-file: (-3, -1) (Map: world)
[2024-07-18 13:19:26][FINE] Scheduled update for region-file: (-2, -1) (Map: world)
[2024-07-18 13:19:31][FINE] Scheduled update for region-file: (-3, -2) (Map: world)
[2024-07-18 13:19:44][FINE] Scheduled update for region-file: (-2, -1) (Map: world)
[2024-07-18 13:19:48][FINE] Scheduled update for region-file: (-1, -3) (Map: world)
[2024-07-18 13:19:55][FINE] Scheduled update for region-file: (-2, -3) (Map: world)
[2024-07-18 13:19:55][FINE] Scheduled update for region-file: (-1, -3) (Map: world)
[2024-07-18 13:19:55][FINE] Scheduled update for region-file: (-2, -2) (Map: world)
[2024-07-18 13:20:00][FINE] Scheduled update for region-file: (-3, -2) (Map: world)
[2024-07-18 13:20:00][FINE] Scheduled update for region-file: (-3, -1) (Map: world)
[2024-07-18 13:20:13][FINE] Scheduled update for region-file: (-3, -2) (Map: world)
[2024-07-18 13:20:22][FINE] Scheduled update for region-file: (-3, -2) (Map: world)
[2024-07-18 13:20:33][FINE] Scheduled update for region-file: (-2, -1) (Map: world)
[2024-07-18 13:20:44][FINE] Scheduled update for region-file: (-2, 0) (Map: world)
[2024-07-18 13:20:44][FINE] Scheduled update for region-file: (-3, 0) (Map: world)
[2024-07-18 13:20:44][FINE] Scheduled update for region-file: (-3, -1) (Map: world)
[2024-07-18 13:20:50][FINE] Scheduled update for region-file: (-2, -1) (Map: world)
[2024-07-18 13:21:03][FINE] Scheduled update for region-file: (-2, 0) (Map: world)
[2024-07-18 13:21:06][FINE] Scheduled update for region-file: (-2, -1) (Map: world)
[2024-07-18 13:21:20][FINE] Scheduled update for region-file: (-2, -1) (Map: world)
[2024-07-18 13:21:28][FINE] Scheduled update for region-file: (-3, -1) (Map: world)
[2024-07-18 13:21:28][FINE] Scheduled update for region-file: (-3, 0) (Map: world)
[2024-07-18 13:21:43][FINE] Scheduled update for region-file: (-3, -1) (Map: world)
[2024-07-18 13:21:55][FINE] Scheduled update for region-file: (-3, -1) (Map: world)
[2024-07-18 13:22:06][FINE] Scheduled update for region-file: (-2, 0) (Map: world)
[2024-07-18 13:22:18][FINE] Scheduled update for region-file: (-3, 1) (Map: world)
[2024-07-18 13:22:19][FINE] Scheduled update for region-file: (-2, 1) (Map: world)
[2024-07-18 13:22:21][FINE] Scheduled update for region-file: (-3, 0) (Map: world)
[2024-07-18 13:22:36][FINE] Scheduled update for region-file: (-2, 1) (Map: world)
[2024-07-18 13:22:48][FINE] Scheduled update for region-file: (-2, 0) (Map: world)
[2024-07-18 13:22:53][FINE] Scheduled update for region-file: (-3, 0) (Map: world)
[2024-07-18 13:22:53][FINE] Scheduled update for region-file: (-3, 1) (Map: world)
[2024-07-18 13:23:04][FINE] Scheduled update for region-file: (-3, 0) (Map: world)
[2024-07-18 13:23:12][FINE] Scheduled update for region-file: (-3, 0) (Map: world)
[2024-07-18 13:23:22][FINE] Scheduled update for region-file: (-2, 1) (Map: world)
[2024-07-18 13:23:32][FINE] Scheduled update for region-file: (-3, 2) (Map: world)
[2024-07-18 13:23:32][FINE] Scheduled update for region-file: (-2, 2) (Map: world)
[2024-07-18 13:23:34][FINE] Scheduled update for region-file: (-3, 1) (Map: world)
[2024-07-18 13:23:50][FINE] Scheduled update for region-file: (-1, 2) (Map: world)
[2024-07-18 13:23:50][FINE] Scheduled update for region-file: (-2, 2) (Map: world)
[2024-07-18 13:23:58][FINE] Scheduled update for region-file: (-2, 1) (Map: world)
[2024-07-18 13:24:04][FINE] Scheduled update for region-file: (-3, 1) (Map: world)
[2024-07-18 13:24:04][FINE] Scheduled update for region-file: (-3, 2) (Map: world)
[2024-07-18 13:24:08][FINE] Scheduled update for region-file: (-2, 1) (Map: world)
[2024-07-18 13:24:16][FINE] Scheduled update for region-file: (-3, 1) (Map: world)
[2024-07-18 13:24:24][FINE] Scheduled update for region-file: (-3, 1) (Map: world)
[2024-07-18 13:24:34][FINE] Scheduled update for region-file: (-2, 2) (Map: world)
[2024-07-18 13:24:45][FINE] Scheduled update for region-file: (-3, 3) (Map: world)
[2024-07-18 13:24:45][FINE] Scheduled update for region-file: (-2, 3) (Map: world)
[2024-07-18 13:24:47][FINE] Scheduled update for region-file: (-3, 2) (Map: world)
[2024-07-18 13:24:53][FINE] Scheduled update for region-file: (-1, 2) (Map: world)
[2024-07-18 13:25:01][FINE] Scheduled update for region-file: (-2, 2) (Map: world)
[2024-07-18 13:25:05][FINE] Scheduled update for region-file: (-1, 3) (Map: world)
[2024-07-18 13:25:05][FINE] Scheduled update for region-file: (-2, 3) (Map: world)
[2024-07-18 13:25:18][FINE] Scheduled update for region-file: (-1, 2) (Map: world)
[2024-07-18 13:25:25][FINE] Scheduled update for region-file: (-2, 2) (Map: world)
[2024-07-18 13:25:46][FINE] Scheduled update for region-file: (-2, 2) (Map: world)
[2024-07-18 13:25:46][FINE] Scheduled update for region-file: (-1, 2) (Map: world)
[2024-07-18 13:26:00][FINE] Scheduled update for region-file: (-2, 3) (Map: world)
[2024-07-18 13:26:00][FINE] Scheduled update for region-file: (-1, 3) (Map: world)
[2024-07-18 13:26:02][FINE] Scheduled update for region-file: (-2, 2) (Map: world)
[2024-07-18 13:26:07][FINE] Scheduled update for region-file: (0, 2) (Map: world)
[2024-07-18 13:26:17][FINE] Scheduled update for region-file: (-1, 3) (Map: world)
[2024-07-18 13:26:17][FINE] Scheduled update for region-file: (0, 3) (Map: world)
[2024-07-18 13:26:26][FINE] Scheduled update for region-file: (0, 2) (Map: world)
[2024-07-18 13:26:33][FINE] Scheduled update for region-file: (-1, 2) (Map: world)
[2024-07-18 13:26:52][FINE] Scheduled update for region-file: (-1, 2) (Map: world)
[2024-07-18 13:26:53][FINE] Scheduled update for region-file: (0, 2) (Map: world)
[2024-07-18 13:26:59][FINE] Scheduled update for region-file: (-1, 2) (Map: world)
[2024-07-18 13:27:05][FINE] Scheduled update for region-file: (-1, 3) (Map: world)
[2024-07-18 13:27:06][FINE] Scheduled update for region-file: (0, 3) (Map: world)
[2024-07-18 13:27:08][FINE] Scheduled update for region-file: (-1, 2) (Map: world)
[2024-07-18 13:27:13][FINE] Scheduled update for region-file: (1, 2) (Map: world)
[2024-07-18 13:27:27][FINE] Scheduled update for region-file: (1, 3) (Map: world)
[2024-07-18 13:27:27][FINE] Scheduled update for region-file: (0, 3) (Map: world)
[2024-07-18 13:27:41][FINE] Scheduled update for region-file: (1, 2) (Map: world)
[2024-07-18 13:27:52][FINE] Scheduled update for region-file: (0, 2) (Map: world)
[2024-07-18 13:28:10][FINE] Scheduled update for region-file: (1, 2) (Map: world)
[2024-07-18 13:28:22][FINE] Scheduled update for region-file: (0, 3) (Map: world)
[2024-07-18 13:28:23][FINE] Scheduled update for region-file: (1, 3) (Map: world)
[2024-07-18 13:28:25][FINE] Scheduled update for region-file: (0, 2) (Map: world)
[2024-07-18 13:28:31][FINE] Scheduled update for region-file: (2, 2) (Map: world)
[2024-07-18 13:28:44][FINE] Scheduled update for region-file: (1, 3) (Map: world)
[2024-07-18 13:28:44][FINE] Scheduled update for region-file: (2, 3) (Map: world)
[2024-07-18 13:28:58][FINE] Scheduled update for region-file: (2, 2) (Map: world)
[2024-07-18 13:29:10][FINE] Scheduled update for region-file: (1, 2) (Map: world)
[2024-07-18 13:29:28][FINE] Scheduled update for region-file: (2, 2) (Map: world)
[2024-07-18 13:29:28][FINE] Scheduled update for region-file: (1, 2) (Map: world)
[2024-07-18 13:29:37][FINE] Scheduled update for region-file: (1, 2) (Map: world)
[2024-07-18 13:29:39][FINE] Scheduled update for region-file: (1, 3) (Map: world)
[2024-07-18 13:29:39][FINE] Scheduled update for region-file: (2, 3) (Map: world)
[2024-07-18 13:29:42][FINE] Scheduled update for region-file: (1, 2) (Map: world)
[2024-07-18 13:29:49][FINE] Scheduled update for region-file: (3, 2) (Map: world)
[2024-07-18 13:29:56][FINE] Scheduled update for region-file: (2, 2) (Map: world)
[2024-07-18 13:30:02][FINE] Scheduled update for region-file: (2, 3) (Map: world)
[2024-07-18 13:30:02][FINE] Scheduled update for region-file: (3, 3) (Map: world)
[2024-07-18 13:30:10][FINE] Scheduled update for region-file: (3, 1) (Map: world)
[2024-07-18 13:30:13][FINE] Scheduled update for region-file: (3, 2) (Map: world)
[2024-07-18 13:30:24][FINE] Scheduled update for region-file: (3, 2) (Map: world)
[2024-07-18 13:30:30][FINE] Scheduled update for region-file: (2, 2) (Map: world)
[2024-07-18 13:30:39][FINE] Scheduled update for region-file: (3, 1) (Map: world)
[2024-07-18 13:30:44][FINE] Scheduled update for region-file: (2, 2) (Map: world)
[2024-07-18 13:30:44][FINE] Scheduled update for region-file: (3, 2) (Map: world)
[2024-07-18 13:30:55][FINE] Scheduled update for region-file: (3, 3) (Map: world)
[2024-07-18 13:30:55][FINE] Scheduled update for region-file: (2, 3) (Map: world)
[2024-07-18 13:30:55][FINE] Scheduled update for region-file: (2, 2) (Map: world)
[2024-07-18 13:30:57][FINE] Scheduled update for region-file: (3, 2) (Map: world)
[2024-07-18 13:31:03][FINE] Scheduled update for region-file: (4, 2) (Map: world)
[2024-07-18 13:31:06][FINE] Scheduled update for region-file: (3, 3) (Map: world)
[2024-07-18 13:31:06][FINE] Scheduled update for region-file: (3, 2) (Map: world)
[2024-07-18 13:31:17][FINE] Scheduled update for region-file: (3, 3) (Map: world)
[2024-07-18 13:31:17][FINE] Scheduled update for region-file: (4, 3) (Map: world)
[2024-07-18 13:31:23][FINE] Scheduled update for region-file: (4, 1) (Map: world)
[2024-07-18 13:31:34][FINE] Scheduled update for region-file: (3, 1) (Map: world)
[2024-07-18 13:31:40][FINE] Scheduled update for region-file: (4, 1) (Map: world)
[2024-07-18 13:31:41][FINE] Scheduled update for region-file: (4, 2) (Map: world)
[2024-07-18 13:31:41][FINE] Scheduled update for region-file: (3, 2) (Map: world)
[2024-07-18 13:31:43][FINE] Scheduled update for region-file: (3, 1) (Map: world)
[2024-07-18 13:31:56][FINE] Scheduled update for region-file: (3, 0) (Map: world)
[2024-07-18 13:32:01][FINE] Scheduled update for region-file: (3, 1) (Map: world)
[2024-07-18 13:32:15][FINE] Scheduled update for region-file: (4, 1) (Map: world)
[2024-07-18 13:32:20][FINE] Scheduled update for region-file: (3, 1) (Map: world)
[2024-07-18 13:32:24][FINE] Scheduled update for region-file: (4, 2) (Map: world)
[2024-07-18 13:32:33][FINE] Scheduled update for region-file: (4, 0) (Map: world)
[2024-07-18 13:32:47][FINE] Scheduled update for region-file: (3, 0) (Map: world)
[2024-07-18 13:32:47][FINE] Scheduled update for region-file: (4, 0) (Map: world)
[2024-07-18 13:32:47][FINE] Scheduled update for region-file: (3, 1) (Map: world)
[2024-07-18 13:32:47][FINE] Scheduled update for region-file: (4, 1) (Map: world)
[2024-07-18 13:33:03][FINE] Scheduled update for region-file: (3, -1) (Map: world)
[2024-07-18 13:33:09][FINE] Scheduled update for region-file: (3, 0) (Map: world)
[2024-07-18 13:33:16][FINE] Scheduled update for region-file: (3, 0) (Map: world)
[2024-07-18 13:33:23][FINE] Scheduled update for region-file: (4, 0) (Map: world)
[2024-07-18 13:33:29][FINE] Scheduled update for region-file: (3, 0) (Map: world)
[2024-07-18 13:33:33][FINE] Scheduled update for region-file: (4, 1) (Map: world)
[2024-07-18 13:33:42][FINE] Scheduled update for region-file: (4, -1) (Map: world)
[2024-07-18 13:33:45][FINE] Scheduled update for region-file: (4, 0) (Map: world)
[2024-07-18 13:33:57][FINE] Scheduled update for region-file: (3, 0) (Map: world)
[2024-07-18 13:33:57][FINE] Scheduled update for region-file: (4, 0) (Map: world)
[2024-07-18 13:33:57][FINE] Scheduled update for region-file: (4, -1) (Map: world)
[2024-07-18 13:34:02][FINE] Scheduled update for region-file: (3, -1) (Map: world)
[2024-07-18 13:34:16][FINE] Scheduled update for region-file: (3, -2) (Map: world)
[2024-07-18 13:34:23][FINE] Scheduled update for region-file: (3, -1) (Map: world)
[2024-07-18 13:34:38][FINE] Scheduled update for region-file: (4, -1) (Map: world)
[2024-07-18 13:34:43][FINE] Scheduled update for region-file: (3, -1) (Map: world)
[2024-07-18 13:34:47][FINE] Scheduled update for region-file: (4, 0) (Map: world)
[2024-07-18 13:34:55][FINE] Scheduled update for region-file: (4, -2) (Map: world)
[2024-07-18 13:35:09][FINE] Scheduled update for region-file: (4, -1) (Map: world)
[2024-07-18 13:35:09][FINE] Scheduled update for region-file: (3, -1) (Map: world)
[2024-07-18 13:35:09][FINE] Scheduled update for region-file: (3, -2) (Map: world)
[2024-07-18 13:35:09][FINE] Scheduled update for region-file: (4, -2) (Map: world)
[2024-07-18 13:35:26][FINE] Scheduled update for region-file: (2, -3) (Map: world)
[2024-07-18 13:35:26][FINE] Scheduled update for region-file: (3, -3) (Map: world)
[2024-07-18 13:35:31][FINE] Scheduled update for region-file: (3, -2) (Map: world)
[2024-07-18 13:35:48][FINE] Scheduled update for region-file: (4, -2) (Map: world)
[2024-07-18 13:35:52][FINE] Scheduled update for region-file: (3, -2) (Map: world)
[2024-07-18 13:35:57][FINE] Scheduled update for region-file: (4, -1) (Map: world)
[2024-07-18 13:36:06][FINE] Scheduled update for region-file: (4, -3) (Map: world)
[2024-07-18 13:36:10][FINE] Scheduled update for region-file: (4, -2) (Map: world)
[2024-07-18 13:36:14][FINE] Scheduled update for region-file: (3, -3) (Map: world)
[2024-07-18 13:36:14][FINE] Scheduled update for region-file: (3, -2) (Map: world)
[2024-07-18 13:36:26][FINE] Scheduled update for region-file: (3, -3) (Map: world)
[2024-07-18 13:36:26][FINE] Scheduled update for region-file: (4, -3) (Map: world)
[2024-07-18 13:36:27][FINE] Scheduled update for region-file: (3, -2) (Map: world)
[2024-07-18 13:36:27][FINE] Scheduled update for region-file: (4, -2) (Map: world)
[2024-07-18 13:36:33][FINE] Scheduled update for region-file: (2, -3) (Map: world)
[2024-07-18 13:36:40][FINE] Scheduled update for region-file: (2, -4) (Map: world)
[2024-07-18 13:36:50][FINE] Scheduled update for region-file: (3, -4) (Map: world)
[2024-07-18 13:36:58][FINE] Scheduled update for region-file: (2, -3) (Map: world)
[2024-07-18 13:36:58][FINE] Scheduled update for region-file: (3, -3) (Map: world)
[2024-07-18 13:37:03][FINE] Scheduled update for region-file: (4, -3) (Map: world)
[2024-07-18 13:37:08][FINE] Scheduled update for region-file: (3, -3) (Map: world)
[2024-07-18 13:37:13][FINE] Scheduled update for region-file: (4, -2) (Map: world)
[2024-07-18 13:37:22][FINE] Scheduled update for region-file: (4, -4) (Map: world)
[2024-07-18 13:37:27][FINE] Scheduled update for region-file: (4, -3) (Map: world)
[2024-07-18 13:37:39][FINE] Scheduled update for region-file: (3, -4) (Map: world)
[2024-07-18 13:37:39][FINE] Scheduled update for region-file: (4, -4) (Map: world)
[2024-07-18 13:37:40][FINE] Scheduled update for region-file: (3, -3) (Map: world)
[2024-07-18 13:37:40][FINE] Scheduled update for region-file: (4, -3) (Map: world)
[2024-07-18 13:37:46][FINE] Scheduled update for region-file: (1, -3) (Map: world)
[2024-07-18 13:37:55][FINE] Scheduled update for region-file: (1, -4) (Map: world)
[2024-07-18 13:38:07][FINE] Scheduled update for region-file: (1, -4) (Map: world)
[2024-07-18 13:38:07][FINE] Scheduled update for region-file: (2, -4) (Map: world)
[2024-07-18 13:38:14][FINE] Scheduled update for region-file: (2, -3) (Map: world)
[2024-07-18 13:38:26][FINE] Scheduled update for region-file: (1, -3) (Map: world)
[2024-07-18 13:38:42][FINE] Scheduled update for region-file: (3, -4) (Map: world)
[2024-07-18 13:38:54][FINE] Scheduled update for region-file: (2, -4) (Map: world)
[2024-07-18 13:38:54][FINE] Scheduled update for region-file: (2, -3) (Map: world)
[2024-07-18 13:38:54][FINE] Scheduled update for region-file: (3, -4) (Map: world)
[2024-07-18 13:38:55][FINE] Scheduled update for region-file: (1, -3) (Map: world)
[2024-07-18 13:39:02][FINE] Scheduled update for region-file: (0, -3) (Map: world)
[2024-07-18 13:39:07][FINE] Scheduled update for region-file: (0, -4) (Map: world)
[2024-07-18 13:39:16][FINE] Scheduled update for region-file: (0, -4) (Map: world)
[2024-07-18 13:39:16][FINE] Scheduled update for region-file: (1, -4) (Map: world)
[2024-07-18 13:39:23][FINE] Scheduled update for region-file: (1, -3) (Map: world)
[2024-07-18 13:39:27][FINE] Scheduled update for region-file: (0, -3) (Map: world)
[2024-07-18 13:39:35][FINE] Scheduled update for region-file: (0, -3) (Map: world)
[2024-07-18 13:39:44][FINE] Scheduled update for region-file: (1, -3) (Map: world)
[2024-07-18 13:39:54][FINE] Unexpected exception trying to load preload region (x:1, z:-3): java.io.IOException: Unknown chunk compression-id: 222
[2024-07-18 13:39:56][FINE] Scheduled update for region-file: (2, -4) (Map: world)
[2024-07-18 13:39:59][FINE] Scheduled update for region-file: (1, -3) (Map: world)
[2024-07-18 13:40:12][FINE] Scheduled update for region-file: (1, -4) (Map: world)
[2024-07-18 13:40:12][FINE] Scheduled update for region-file: (1, -3) (Map: world)
[2024-07-18 13:40:12][FINE] Scheduled update for region-file: (2, -4) (Map: world)
[2024-07-18 13:40:17][FINE] Scheduled update for region-file: (0, -3) (Map: world)
[2024-07-18 13:40:21][FINE] Scheduled update for region-file: (-1, -3) (Map: world)
[2024-07-18 13:40:27][FINE] Scheduled update for region-file: (-1, -4) (Map: world)
[2024-07-18 13:40:37][FINE] Scheduled update for region-file: (-1, -4) (Map: world)
[2024-07-18 13:40:37][FINE] Scheduled update for region-file: (0, -4) (Map: world)
[2024-07-18 13:40:42][FINE] Scheduled update for region-file: (0, -3) (Map: world)
[2024-07-18 13:40:54][FINE] Scheduled update for region-file: (-1, -3) (Map: world)
[2024-07-18 13:41:13][FINE] Scheduled update for region-file: (1, -4) (Map: world)
[2024-07-18 13:41:22][FINE] Scheduled update for region-file: (0, -4) (Map: world)
[2024-07-18 13:41:30][FINE] Scheduled update for region-file: (0, -3) (Map: world)
[2024-07-18 13:41:30][FINE] Scheduled update for region-file: (0, -4) (Map: world)
[2024-07-18 13:41:30][FINE] Scheduled update for region-file: (1, -4) (Map: world)
[2024-07-18 13:41:31][FINE] Scheduled update for region-file: (-2, -4) (Map: world)
[2024-07-18 13:41:31][FINE] Scheduled update for region-file: (-1, -3) (Map: world)
[2024-07-18 13:41:39][FINE] Scheduled update for region-file: (-2, -3) (Map: world)
[2024-07-18 13:41:45][FINE] Scheduled update for region-file: (-2, -4) (Map: world)
[2024-07-18 13:41:54][FINE] Scheduled update for region-file: (-1, -4) (Map: world)
[2024-07-18 13:42:01][FINE] Scheduled update for region-file: (-1, -3) (Map: world)
[2024-07-18 13:42:12][FINE] Scheduled update for region-file: (-2, -3) (Map: world)
[2024-07-18 13:42:30][FINE] Scheduled update for region-file: (0, -4) (Map: world)
[2024-07-18 13:42:40][FINE] Scheduled update for region-file: (-1, -4) (Map: world)
[2024-07-18 13:42:40][FINE] Scheduled update for region-file: (0, -4) (Map: world)
[2024-07-18 13:42:40][FINE] Scheduled update for region-file: (-1, -3) (Map: world)
[2024-07-18 13:42:53][FINE] Scheduled update for region-file: (-2, -3) (Map: world)
[2024-07-18 13:42:57][FINE] Scheduled update for region-file: (-3, -3) (Map: world)
[2024-07-18 13:43:06][FINE] Scheduled update for region-file: (-3, -4) (Map: world)
[2024-07-18 13:43:14][FINE] Scheduled update for region-file: (-3, -4) (Map: world)
[2024-07-18 13:43:14][FINE] Scheduled update for region-file: (-2, -4) (Map: world)
[2024-07-18 13:43:23][FINE] Scheduled update for region-file: (-2, -3) (Map: world)
[2024-07-18 13:43:31][FINE] Scheduled update for region-file: (-3, -2) (Map: world)
[2024-07-18 13:43:35][FINE] Scheduled update for region-file: (-3, -3) (Map: world)
[2024-07-18 13:43:54][FINE] Scheduled update for region-file: (-1, -4) (Map: world)
[2024-07-18 13:44:04][FINE] Scheduled update for region-file: (-2, -4) (Map: world)
[2024-07-18 13:44:05][FINE] Scheduled update for region-file: (-2, -3) (Map: world)
[2024-07-18 13:44:05][FINE] Scheduled update for region-file: (-1, -4) (Map: world)
[2024-07-18 13:44:12][FINE] Scheduled update for region-file: (-3, -3) (Map: world)
[2024-07-18 13:44:18][FINE] Scheduled update for region-file: (-4, -3) (Map: world)
[2024-07-18 13:44:26][FINE] Scheduled update for region-file: (-4, -4) (Map: world)
[2024-07-18 13:44:36][FINE] Scheduled update for region-file: (-4, -4) (Map: world)
[2024-07-18 13:44:36][FINE] Scheduled update for region-file: (-3, -4) (Map: world)
[2024-07-18 13:44:50][FINE] Scheduled update for region-file: (-3, -3) (Map: world)
[2024-07-18 13:45:03][FINE] Scheduled update for region-file: (-4, -2) (Map: world)
[2024-07-18 13:45:03][FINE] Scheduled update for region-file: (-3, -2) (Map: world)
[2024-07-18 13:45:07][FINE] Scheduled update for region-file: (-4, -3) (Map: world)
[2024-07-18 13:45:29][FINE] Scheduled update for region-file: (-3, -2) (Map: world)
[2024-07-18 13:45:31][FINE] Scheduled update for region-file: (-3, -3) (Map: world)
[2024-07-18 13:45:36][FINE] Scheduled update for region-file: (-2, -4) (Map: world)
[2024-07-18 13:45:41][FINE] Scheduled update for region-file: (-3, -3) (Map: world)
[2024-07-18 13:45:47][FINE] Scheduled update for region-file: (-3, -4) (Map: world)
[2024-07-18 13:45:48][FINE] Scheduled update for region-file: (-3, -3) (Map: world)
[2024-07-18 13:45:48][FINE] Scheduled update for region-file: (-2, -4) (Map: world)
[2024-07-18 13:45:59][FINE] Scheduled update for region-file: (-4, -2) (Map: world)
[2024-07-18 13:46:09][FINE] Scheduled update for region-file: (-4, -3) (Map: world)
[2024-07-18 13:46:20][FINE] Scheduled update for region-file: (-4, -3) (Map: world)
[2024-07-18 13:46:33][FINE] Scheduled update for region-file: (-3, -2) (Map: world)
[2024-07-18 13:46:48][FINE] Scheduled update for region-file: (-4, -1) (Map: world)
[2024-07-18 13:46:48][FINE] Scheduled update for region-file: (-3, -1) (Map: world)
[2024-07-18 13:46:50][FINE] Scheduled update for region-file: (-4, -2) (Map: world)
[2024-07-18 13:47:14][FINE] Scheduled update for region-file: (-3, -1) (Map: world)
[2024-07-18 13:47:27][FINE] Scheduled update for region-file: (-3, -2) (Map: world)
[2024-07-18 13:47:36][FINE] Scheduled update for region-file: (-4, -2) (Map: world)
[2024-07-18 13:47:36][FINE] Scheduled update for region-file: (-4, -1) (Map: world)
[2024-07-18 13:47:48][FINE] Scheduled update for region-file: (-4, -2) (Map: world)
[2024-07-18 13:47:51][FINE] Stopped watching map 'world' for updates.
[2024-07-18 13:47:51][FINE] Stopped watching map 'world_the_end' for updates.
[2024-07-18 13:47:51][FINE] Stopped watching map 'world_nether' for updates.
[2024-07-18 13:47:51][FINE] Started watching map 'world' for updates...
[2024-07-18 13:47:51][FINE] Started watching map 'world_the_end' for updates...
[2024-07-18 13:47:51][FINE] Started watching map 'world_nether' for updates...
[2024-07-18 13:47:56][FINE] Scheduled update for region-file: (-4, -2) (Map: world)
[2024-07-18 13:48:07][FINE] Scheduled update for region-file: (-3, -1) (Map: world)
[2024-07-18 13:48:20][FINE] Scheduled update for region-file: (-4, 0) (Map: world)
[2024-07-18 13:48:20][FINE] Scheduled update for region-file: (-3, 0) (Map: world)
[2024-07-18 13:48:22][FINE] Scheduled update for region-file: (-4, -1) (Map: world)
[2024-07-18 13:48:40][FINE] Scheduled update for region-file: (-3, 0) (Map: world)
[2024-07-18 13:48:42][FINE] Scheduled update for region-file: (-3, -1) (Map: world)
[2024-07-18 13:48:54][FINE] Scheduled update for region-file: (-3, -1) (Map: world)
[2024-07-18 13:49:04][FINE] Scheduled update for region-file: (-4, -1) (Map: world)
[2024-07-18 13:49:04][FINE] Scheduled update for region-file: (-4, 0) (Map: world)
[2024-07-18 13:49:12][FINE] Scheduled update for region-file: (-4, -1) (Map: world)
[2024-07-18 13:49:24][FINE] Scheduled update for region-file: (-4, -1) (Map: world)
[2024-07-18 13:49:31][FINE] Scheduled update for region-file: (-3, 0) (Map: world)
[2024-07-18 13:49:42][FINE] Scheduled update for region-file: (-4, 1) (Map: world)
[2024-07-18 13:49:42][FINE] Scheduled update for region-file: (-3, 1) (Map: world)
[2024-07-18 13:49:45][FINE] Scheduled update for region-file: (-4, 0) (Map: world)
[2024-07-18 13:50:02][FINE] Scheduled update for region-file: (-3, 1) (Map: world)
[2024-07-18 13:50:12][FINE] Scheduled update for region-file: (-3, 0) (Map: world)
[2024-07-18 13:50:18][FINE] Scheduled update for region-file: (-3, 1) (Map: world)
[2024-07-18 13:50:20][FINE] Scheduled update for region-file: (-4, 1) (Map: world)
[2024-07-18 13:50:28][FINE] Scheduled update for region-file: (-4, 0) (Map: world)
[2024-07-18 13:50:37][FINE] Scheduled update for region-file: (-4, 0) (Map: world)
[2024-07-18 13:50:45][FINE] Scheduled update for region-file: (-3, 1) (Map: world)
[2024-07-18 13:50:58][FINE] Scheduled update for region-file: (-4, 2) (Map: world)
[2024-07-18 13:50:58][FINE] Scheduled update for region-file: (-3, 2) (Map: world)
[2024-07-18 13:51:00][FINE] Scheduled update for region-file: (-4, 1) (Map: world)
[2024-07-18 13:51:16][FINE] Scheduled update for region-file: (-3, 2) (Map: world)
[2024-07-18 13:51:29][FINE] Scheduled update for region-file: (-3, 1) (Map: world)
[2024-07-18 13:51:39][FINE] Scheduled update for region-file: (-4, 2) (Map: world)
[2024-07-18 13:51:47][FINE] Scheduled update for region-file: (-4, 1) (Map: world)
[2024-07-18 13:51:58][FINE] Scheduled update for region-file: (-4, 1) (Map: world)
[2024-07-18 13:52:06][FINE] Scheduled update for region-file: (-3, 2) (Map: world)
[2024-07-18 13:52:16][FINE] Scheduled update for region-file: (-3, 3) (Map: world)
[2024-07-18 13:52:16][FINE] Scheduled update for region-file: (-4, 3) (Map: world)
[2024-07-18 13:52:19][FINE] Scheduled update for region-file: (-4, 2) (Map: world)
[2024-07-18 13:52:35][FINE] Scheduled update for region-file: (-3, 3) (Map: world)
[2024-07-18 13:52:35][FINE] Scheduled update for region-file: (-2, 3) (Map: world)
[2024-07-18 13:52:38][FINE] Scheduled update for region-file: (-3, 2) (Map: world)
[2024-07-18 13:52:49][FINE] Scheduled update for region-file: (-3, 2) (Map: world)
[2024-07-18 13:52:57][FINE] Scheduled update for region-file: (-3, 3) (Map: world)
[2024-07-18 13:52:59][FINE] Scheduled update for region-file: (-4, 3) (Map: world)
[2024-07-18 13:53:07][FINE] Scheduled update for region-file: (-4, 2) (Map: world)
[2024-07-18 13:53:16][FINE] Scheduled update for region-file: (-4, 2) (Map: world)
[2024-07-18 13:53:26][FINE] Scheduled update for region-file: (-3, 3) (Map: world)
[2024-07-18 13:53:36][FINE] Scheduled update for region-file: (-4, 4) (Map: world)
[2024-07-18 13:53:36][FINE] Scheduled update for region-file: (-3, 4) (Map: world)
[2024-07-18 13:53:40][FINE] Scheduled update for region-file: (-4, 3) (Map: world)
[2024-07-18 13:53:47][FINE] Scheduled update for region-file: (-2, 3) (Map: world)
[2024-07-18 13:53:57][FINE] Scheduled update for region-file: (-3, 3) (Map: world)
[2024-07-18 13:54:03][FINE] Scheduled update for region-file: (-3, 4) (Map: world)
[2024-07-18 13:54:03][FINE] Scheduled update for region-file: (-2, 4) (Map: world)
[2024-07-18 13:54:15][FINE] Scheduled update for region-file: (-2, 3) (Map: world)
[2024-07-18 13:54:24][FINE] Scheduled update for region-file: (-3, 3) (Map: world)
[2024-07-18 13:54:42][FINE] Scheduled update for region-file: (-2, 3) (Map: world)
[2024-07-18 13:54:42][FINE] Scheduled update for region-file: (-3, 3) (Map: world)
[2024-07-18 13:54:53][FINE] Scheduled update for region-file: (-2, 4) (Map: world)
[2024-07-18 13:54:54][FINE] Scheduled update for region-file: (-3, 4) (Map: world)
[2024-07-18 13:54:55][FINE] Scheduled update for region-file: (-3, 3) (Map: world)
[2024-07-18 13:55:02][FINE] Scheduled update for region-file: (-1, 3) (Map: world)
[2024-07-18 13:55:12][FINE] Scheduled update for region-file: (-2, 3) (Map: world)
[2024-07-18 13:55:16][FINE] Scheduled update for region-file: (-2, 4) (Map: world)
[2024-07-18 13:55:16][FINE] Scheduled update for region-file: (-1, 4) (Map: world)
[2024-07-18 13:55:28][FINE] Scheduled update for region-file: (-1, 3) (Map: world)
[2024-07-18 13:55:38][FINE] Scheduled update for region-file: (-2, 3) (Map: world)
[2024-07-18 13:55:55][FINE] Scheduled update for region-file: (-2, 3) (Map: world)
[2024-07-18 13:55:56][FINE] Scheduled update for region-file: (-1, 3) (Map: world)
[2024-07-18 13:56:07][FINE] Scheduled update for region-file: (-2, 3) (Map: world)
[2024-07-18 13:56:10][FINE] Scheduled update for region-file: (-2, 4) (Map: world)
[2024-07-18 13:56:10][FINE] Scheduled update for region-file: (-1, 4) (Map: world)
[2024-07-18 13:56:12][FINE] Scheduled update for region-file: (-2, 3) (Map: world)
[2024-07-18 13:56:17][FINE] Scheduled update for region-file: (0, 4) (Map: world)
[2024-07-18 13:56:20][FINE] Scheduled update for region-file: (0, 3) (Map: world)
[2024-07-18 13:56:20][FINE] Unexpected exception trying to load preload region (x:-1, z:3): java.io.IOException: Failed to parse chunk-data: java.io.EOFException: Unexpected end of ZLIB input stream
[2024-07-18 13:56:28][FINE] Scheduled update for region-file: (-1, 3) (Map: world)
[2024-07-18 13:56:32][FINE] Scheduled update for region-file: (-1, 4) (Map: world)
[2024-07-18 13:56:32][FINE] Scheduled update for region-file: (0, 4) (Map: world)
[2024-07-18 13:56:45][FINE] Scheduled update for region-file: (0, 3) (Map: world)
[2024-07-18 13:56:58][FINE] Scheduled update for region-file: (-1, 3) (Map: world)
[2024-07-18 13:57:19][FINE] Scheduled update for region-file: (0, 3) (Map: world)
[2024-07-18 13:57:19][FINE] Scheduled update for region-file: (-1, 3) (Map: world)
[2024-07-18 13:57:30][FINE] Scheduled update for region-file: (-1, 4) (Map: world)
[2024-07-18 13:57:30][FINE] Scheduled update for region-file: (0, 4) (Map: world)
[2024-07-18 13:57:30][FINE] Scheduled update for region-file: (-1, 3) (Map: world)
[2024-07-18 13:57:30][FINE] Scheduled update for region-file: (0, 3) (Map: world)
[2024-07-18 13:57:38][FINE] Scheduled update for region-file: (1, 3) (Map: world)
[2024-07-18 13:57:49][FINE] Scheduled update for region-file: (0, 3) (Map: world)
[2024-07-18 13:57:55][FINE] Scheduled update for region-file: (0, 4) (Map: world)
[2024-07-18 13:57:55][FINE] Scheduled update for region-file: (1, 4) (Map: world)
[2024-07-18 13:58:06][FINE] Scheduled update for region-file: (1, 3) (Map: world)
[2024-07-18 13:58:19][FINE] Scheduled update for region-file: (0, 3) (Map: world)
[2024-07-18 13:58:37][FINE] Scheduled update for region-file: (0, 3) (Map: world)
[2024-07-18 13:58:37][FINE] Scheduled update for region-file: (1, 3) (Map: world)
[2024-07-18 13:58:49][FINE] Scheduled update for region-file: (1, 4) (Map: world)
[2024-07-18 13:58:49][FINE] Scheduled update for region-file: (0, 4) (Map: world)
[2024-07-18 13:58:51][FINE] Scheduled update for region-file: (0, 3) (Map: world)
[2024-07-18 13:58:56][FINE] Scheduled update for region-file: (2, 3) (Map: world)
[2024-07-18 13:59:11][FINE] Scheduled update for region-file: (1, 4) (Map: world)
[2024-07-18 13:59:11][FINE] Scheduled update for region-file: (2, 4) (Map: world)
[2024-07-18 13:59:23][FINE] Scheduled update for region-file: (2, 3) (Map: world)
[2024-07-18 13:59:34][FINE] Scheduled update for region-file: (1, 3) (Map: world)
[2024-07-18 13:59:52][FINE] Scheduled update for region-file: (2, 3) (Map: world)
[2024-07-18 13:59:52][FINE] Scheduled update for region-file: (1, 3) (Map: world)
[2024-07-18 14:00:00][FINE] Scheduled update for region-file: (1, 3) (Map: world)
[2024-07-18 14:00:02][FINE] Scheduled update for region-file: (1, 4) (Map: world)
[2024-07-18 14:00:02][FINE] Scheduled update for region-file: (2, 4) (Map: world)
[2024-07-18 14:00:06][FINE] Scheduled update for region-file: (1, 3) (Map: world)
[2024-07-18 14:00:11][FINE] Scheduled update for region-file: (3, 3) (Map: world)
[2024-07-18 14:00:20][FINE] Scheduled update for region-file: (2, 3) (Map: world)
[2024-07-18 14:00:26][FINE] Scheduled update for region-file: (2, 4) (Map: world)
[2024-07-18 14:00:26][FINE] Scheduled update for region-file: (3, 4) (Map: world)
[2024-07-18 14:00:36][FINE] Scheduled update for region-file: (3, 3) (Map: world)
[2024-07-18 14:00:45][FINE] Scheduled update for region-file: (2, 3) (Map: world)
[2024-07-18 14:01:05][FINE] Scheduled update for region-file: (2, 3) (Map: world)
[2024-07-18 14:01:05][FINE] Scheduled update for region-file: (3, 3) (Map: world)
[2024-07-18 14:01:18][FINE] Scheduled update for region-file: (3, 4) (Map: world)
[2024-07-18 14:01:18][FINE] Scheduled update for region-file: (2, 4) (Map: world)
[2024-07-18 14:01:20][FINE] Scheduled update for region-file: (2, 3) (Map: world)
[2024-07-18 14:01:28][FINE] Scheduled update for region-file: (4, 3) (Map: world)
[2024-07-18 14:01:36][FINE] Scheduled update for region-file: (3, 4) (Map: world)
[2024-07-18 14:01:36][FINE] Scheduled update for region-file: (4, 4) (Map: world)
[2024-07-18 14:01:43][FINE] Scheduled update for region-file: (4, 2) (Map: world)
[2024-07-18 14:01:45][FINE] Scheduled update for region-file: (4, 3) (Map: world)
[2024-07-18 14:02:09][FINE] Scheduled update for region-file: (3, 3) (Map: world)
[2024-07-18 14:02:09][FINE] Scheduled update for region-file: (3, 4) (Map: world)
[2024-07-18 14:02:50][FINE] Scheduled update for region-file: (4, 2) (Map: world)
[2024-07-18 14:02:50][FINE] Scheduled update for region-file: (5, 2) (Map: world)
[2024-07-18 14:02:50][FINE] Scheduled update for region-file: (4, 3) (Map: world)
[2024-07-18 14:02:50][FINE] Scheduled update for region-file: (4, 4) (Map: world)
[2024-07-18 14:02:50][FINE] Scheduled update for region-file: (5, 3) (Map: world)
[2024-07-18 14:02:50][FINE] Scheduled update for region-file: (5, 4) (Map: world)
[2024-07-18 14:03:52][FINE] Scheduled update for region-file: (4, 1) (Map: world)
[2024-07-18 14:03:53][FINE] Scheduled update for region-file: (5, 1) (Map: world)
[2024-07-18 14:03:53][FINE] Scheduled update for region-file: (4, 3) (Map: world)
[2024-07-18 14:03:53][FINE] Scheduled update for region-file: (5, 3) (Map: world)
[2024-07-18 14:03:54][FINE] Scheduled update for region-file: (4, 2) (Map: world)
[2024-07-18 14:03:54][FINE] Scheduled update for region-file: (5, 2) (Map: world)
[2024-07-18 14:04:57][FINE] Scheduled update for region-file: (4, 2) (Map: world)
[2024-07-18 14:04:57][FINE] Scheduled update for region-file: (4, 1) (Map: world)
[2024-07-18 14:04:57][FINE] Scheduled update for region-file: (4, 0) (Map: world)
[2024-07-18 14:04:58][FINE] Scheduled update for region-file: (5, 2) (Map: world)
[2024-07-18 14:04:58][FINE] Scheduled update for region-file: (5, 1) (Map: world)
[2024-07-18 14:04:58][FINE] Scheduled update for region-file: (5, 0) (Map: world)
[2024-07-18 14:06:01][FINE] Scheduled update for region-file: (4, -1) (Map: world)
[2024-07-18 14:06:02][FINE] Scheduled update for region-file: (5, -1) (Map: world)
[2024-07-18 14:06:02][FINE] Scheduled update for region-file: (4, 0) (Map: world)
[2024-07-18 14:06:02][FINE] Scheduled update for region-file: (4, 1) (Map: world)
[2024-07-18 14:06:02][FINE] Scheduled update for region-file: (5, 0) (Map: world)
[2024-07-18 14:06:02][FINE] Scheduled update for region-file: (5, 1) (Map: world)
[2024-07-18 14:07:08][FINE] Scheduled update for region-file: (4, -2) (Map: world)
[2024-07-18 14:07:10][FINE] Scheduled update for region-file: (4, -1) (Map: world)
[2024-07-18 14:07:10][FINE] Scheduled update for region-file: (4, 0) (Map: world)
[2024-07-18 14:07:10][FINE] Scheduled update for region-file: (5, -2) (Map: world)
[2024-07-18 14:07:11][FINE] Scheduled update for region-file: (5, -1) (Map: world)
[2024-07-18 14:07:11][FINE] Scheduled update for region-file: (5, 0) (Map: world)
[2024-07-18 14:08:13][FINE] Scheduled update for region-file: (4, -3) (Map: world)
[2024-07-18 14:08:13][FINE] Scheduled update for region-file: (5, -3) (Map: world)
[2024-07-18 14:08:14][FINE] Scheduled update for region-file: (4, -2) (Map: world)
[2024-07-18 14:08:14][FINE] Scheduled update for region-file: (4, -1) (Map: world)
[2024-07-18 14:08:14][FINE] Scheduled update for region-file: (5, -2) (Map: world)
[2024-07-18 14:08:14][FINE] Scheduled update for region-file: (5, -1) (Map: world)
[2024-07-18 14:08:37][FINE] Scheduled update for region-file: (3, -4) (Map: world)
[2024-07-18 14:09:17][FINE] Scheduled update for region-file: (4, -4) (Map: world)
[2024-07-18 14:09:23][FINE] Scheduled update for region-file: (4, -4) (Map: world)
[2024-07-18 14:09:23][FINE] Scheduled update for region-file: (5, -4) (Map: world)
[2024-07-18 14:09:26][FINE] Scheduled update for region-file: (4, -3) (Map: world)
[2024-07-18 14:09:26][FINE] Scheduled update for region-file: (4, -2) (Map: world)
[2024-07-18 14:09:26][FINE] Scheduled update for region-file: (5, -3) (Map: world)
[2024-07-18 14:09:26][FINE] Scheduled update for region-file: (5, -2) (Map: world)
[2024-07-18 14:09:54][FINE] Scheduled update for region-file: (3, -5) (Map: world)
[2024-07-18 14:09:56][FINE] Scheduled update for region-file: (3, -4) (Map: world)
[2024-07-18 14:10:39][FINE] Scheduled update for region-file: (4, -5) (Map: world)
[2024-07-18 14:10:39][FINE] Scheduled update for region-file: (5, -5) (Map: world)
[2024-07-18 14:10:41][FINE] Scheduled update for region-file: (4, -4) (Map: world)
[2024-07-18 14:10:41][FINE] Scheduled update for region-file: (4, -3) (Map: world)
[2024-07-18 14:10:41][FINE] Scheduled update for region-file: (5, -4) (Map: world)
[2024-07-18 14:10:41][FINE] Scheduled update for region-file: (5, -3) (Map: world)
[2024-07-18 14:10:45][FINE] Scheduled update for region-file: (3, -4) (Map: world)
[2024-07-18 14:10:47][FINE] Scheduled update for region-file: (2, -4) (Map: world)
[2024-07-18 14:10:55][FINE] Scheduled update for region-file: (2, -5) (Map: world)
[2024-07-18 14:11:04][FINE] Scheduled update for region-file: (3, -5) (Map: world)
[2024-07-18 14:11:11][FINE] Scheduled update for region-file: (3, -4) (Map: world)
[2024-07-18 14:11:22][FINE] Scheduled update for region-file: (2, -4) (Map: world)
[2024-07-18 14:11:41][FINE] Scheduled update for region-file: (4, -5) (Map: world)
[2024-07-18 14:11:49][FINE] Scheduled update for region-file: (3, -5) (Map: world)
[2024-07-18 14:11:49][FINE] Scheduled update for region-file: (3, -4) (Map: world)
[2024-07-18 14:11:49][FINE] Scheduled update for region-file: (4, -5) (Map: world)
[2024-07-18 14:12:01][FINE] Scheduled update for region-file: (2, -4) (Map: world)
[2024-07-18 14:12:07][FINE] Scheduled update for region-file: (1, -4) (Map: world)
[2024-07-18 14:12:15][FINE] Scheduled update for region-file: (1, -5) (Map: world)
[2024-07-18 14:12:23][FINE] Scheduled update for region-file: (1, -5) (Map: world)
[2024-07-18 14:12:23][FINE] Scheduled update for region-file: (2, -5) (Map: world)
[2024-07-18 14:12:30][FINE] Scheduled update for region-file: (2, -4) (Map: world)
[2024-07-18 14:12:41][FINE] Scheduled update for region-file: (1, -4) (Map: world)
[2024-07-18 14:12:58][FINE] Scheduled update for region-file: (2, -4) (Map: world)
